<?xml version="1.0" encoding="UTF-8"?>
<testsuite xmlns:xsi="http://www.w3.org/2001/XMLSchema-instance" xsi:noNamespaceSchemaLocation="https://maven.apache.org/surefire/maven-surefire-plugin/xsd/surefire-test-report-3.0.xsd" version="3.0" name="com.mvn.StringCalculatorTest.StrCalculatorTest" time="0.128" tests="12" errors="0" skipped="0" failures="0">
  <properties>
[...]
</properties>
  <testcase name="shouldThrowExceptionForMultipleNegativeNumbers" classname="com.mvn.StringCalculatorTest.StrCalculatorTest" time="0.063"/>
  <testcase name="shouldHandleComplexScenarioWithCustomDelimiterAndLargeNumbers" classname="com.mvn.StringCalculatorTest.StrCalculatorTest" time="0.003"/>
  <testcase name="shouldHandleWhitespaceCorrectly" classname="com.mvn.StringCalculatorTest.StrCalculatorTest" time="0.002"/>
  <testcase name="shouldReturnSumForTwoCommaSeparatedNumbers" classname="com.mvn.StringCalculatorTest.StrCalculatorTest" time="0.002"/>
  <testcase name="shouldReturnSameNumberForSingleInput" classname="com.mvn.StringCalculatorTest.StrCalculatorTest" time="0.003"/>
  <testcase name="shouldReturnZeroForEmptyString" classname="com.mvn.StringCalculatorTest.StrCalculatorTest" time="0.001"/>
  <testcase name="shouldTreatMultipleSpecialCharactersAsDelimiters" classname="com.mvn.StringCalculatorTest.StrCalculatorTest" time="0.001"/>
  <testcase name="shouldSupportCustomDelimiters" classname="com.mvn.StringCalculatorTest.StrCalculatorTest" time="0.001"/>
  <testcase name="shouldReturnZeroForNullInput" classname="com.mvn.StringCalculatorTest.StrCalculatorTest" time="0.001"/>
  <testcase name="shouldThrowExceptionForNegativeNumbers" classname="com.mvn.StringCalculatorTest.StrCalculatorTest" time="0.002"/>
  <testcase name="shouldHandleNewLineCharactersAsDelimiters" classname="com.mvn.StringCalculatorTest.StrCalculatorTest" time="0.001"/>
  <testcase name="shouldReturnSumForMultipleCommaSeparatedNumbers" classname="com.mvn.StringCalculatorTest.StrCalculatorTest" time="0.002"/>
</testsuite>